0 info it worked if it ends with ok
1 verbose cli [ '/usr/local/Cellar/node/7.4.0/bin/node',
1 verbose cli   '/usr/local/bin/npm',
1 verbose cli   'run',
1 verbose cli   'translate' ]
2 info using npm@4.0.5
3 info using node@v7.4.0
4 verbose run-script [ 'pretranslate', 'translate', 'posttranslate' ]
5 info lifecycle test-babel-plugin-react-intl@1.0.0~pretranslate: test-babel-plugin-react-intl@1.0.0
6 silly lifecycle test-babel-plugin-react-intl@1.0.0~pretranslate: no script for pretranslate, continuing
7 info lifecycle test-babel-plugin-react-intl@1.0.0~translate: test-babel-plugin-react-intl@1.0.0
8 verbose lifecycle test-babel-plugin-react-intl@1.0.0~translate: unsafe-perm in lifecycle true
9 verbose lifecycle test-babel-plugin-react-intl@1.0.0~translate: PATH: /usr/local/lib/node_modules/npm/bin/node-gyp-bin:/Users/phil/Daten/Inet/Goliat/Webmeisterei/zemtu.com/opensource/test-babel-plugin-react-intl/node_modules/.bin:/usr/local/bin:/usr/bin:/bin:/usr/sbin:/sbin:/opt/X11/bin
10 verbose lifecycle test-babel-plugin-react-intl@1.0.0~translate: CWD: /Users/phil/Daten/Inet/Goliat/Webmeisterei/zemtu.com/opensource/test-babel-plugin-react-intl
11 silly lifecycle test-babel-plugin-react-intl@1.0.0~translate: Args: [ '-c',
11 silly lifecycle   'rm -rf extracted-messages && node_modules/.bin/babel --plugins react-intl "trans-tmp/**/*.js*" && ls extracted-messages' ]
12 silly lifecycle test-babel-plugin-react-intl@1.0.0~translate: Returned: code: 1  signal: null
13 info lifecycle test-babel-plugin-react-intl@1.0.0~translate: Failed to exec translate script
14 verbose stack Error: test-babel-plugin-react-intl@1.0.0 translate: `rm -rf extracted-messages && node_modules/.bin/babel --plugins react-intl "trans-tmp/**/*.js*" && ls extracted-messages`
14 verbose stack Exit status 1
14 verbose stack     at EventEmitter.<anonymous> (/usr/local/lib/node_modules/npm/lib/utils/lifecycle.js:279:16)
14 verbose stack     at emitTwo (events.js:106:13)
14 verbose stack     at EventEmitter.emit (events.js:191:7)
14 verbose stack     at ChildProcess.<anonymous> (/usr/local/lib/node_modules/npm/lib/utils/spawn.js:40:14)
14 verbose stack     at emitTwo (events.js:106:13)
14 verbose stack     at ChildProcess.emit (events.js:191:7)
14 verbose stack     at maybeClose (internal/child_process.js:885:16)
14 verbose stack     at Process.ChildProcess._handle.onexit (internal/child_process.js:226:5)
15 verbose pkgid test-babel-plugin-react-intl@1.0.0
16 verbose cwd /Users/phil/Daten/Inet/Goliat/Webmeisterei/zemtu.com/opensource/test-babel-plugin-react-intl
17 error Darwin 16.3.0
18 error argv "/usr/local/Cellar/node/7.4.0/bin/node" "/usr/local/bin/npm" "run" "translate"
19 error node v7.4.0
20 error npm  v4.0.5
21 error code ELIFECYCLE
22 error test-babel-plugin-react-intl@1.0.0 translate: `rm -rf extracted-messages && node_modules/.bin/babel --plugins react-intl "trans-tmp/**/*.js*" && ls extracted-messages`
22 error Exit status 1
23 error Failed at the test-babel-plugin-react-intl@1.0.0 translate script 'rm -rf extracted-messages && node_modules/.bin/babel --plugins react-intl "trans-tmp/**/*.js*" && ls extracted-messages'.
23 error Make sure you have the latest version of node.js and npm installed.
23 error If you do, this is most likely a problem with the test-babel-plugin-react-intl package,
23 error not with npm itself.
23 error Tell the author that this fails on your system:
23 error     rm -rf extracted-messages && node_modules/.bin/babel --plugins react-intl "trans-tmp/**/*.js*" && ls extracted-messages
23 error You can get information on how to open an issue for this project with:
23 error     npm bugs test-babel-plugin-react-intl
23 error Or if that isn't available, you can get their info via:
23 error     npm owner ls test-babel-plugin-react-intl
23 error There is likely additional logging output above.
24 verbose exit [ 1, true ]
